<?xml version="1.0" encoding="UTF-8"?>
<!-- Generated by org.testng.reporters.JUnitReportReporter -->
<testsuite hostname="LAPTOP-MTO5U5N3" failures="0" tests="3" name="com.crm.testcases.LoginPageTest" time="41.830" errors="0" timestamp="09 May 2020 21:56:46 GMT" skipped="0">
  <testcase classname="com.crm.testcases.LoginPageTest" name="validateImageTest" time="12.740"/>
  <testcase classname="com.crm.testcases.LoginPageTest" name="validateTitleTest" time="12.350"/>
  <testcase classname="com.crm.testcases.LoginPageTest" name="validateLoginTest" time="16.740"/>
</testsuite> <!-- com.crm.testcases.LoginPageTest -->
